app/build/intermediates/manifest_merge_blame_file/debug/manifest-merger-blame-debug-report.txt
1<?xml version="1.0" encoding="utf-8"?>
2<manifest xmlns:android="http://schemas.android.com/apk/res/android"
3    package="ch.dyn.mal.companionwatch"
4    android:versionCode="1"
5    android:versionName="1.0" >
6
7    <uses-sdk
8        android:minSdkVersion="21"
8-->src\main\AndroidManifest.xml
9        android:targetSdkVersion="29" />
9-->src\main\AndroidManifest.xml
10
11    <uses-permission android:name="android.permission.INTERNET" />
11-->src\main\AndroidManifest.xml:31:5-67
11-->src\main\AndroidManifest.xml:31:22-64
12    <uses-permission android:name="android.permission.ACCESS_NETWORK_STATE" />
12-->src\main\AndroidManifest.xml:32:5-79
12-->src\main\AndroidManifest.xml:32:22-76
13    <uses-permission android:name="android.permission.ACCESS_WIFI_STATE" />
13-->src\main\AndroidManifest.xml:33:5-75
13-->src\main\AndroidManifest.xml:33:22-73
14
15    <application
15-->src\main\AndroidManifest.xml:5:5-29:19
16        android:allowBackup="true"
16-->src\main\AndroidManifest.xml:6:9-35
17        android:appComponentFactory="androidx.core.app.CoreComponentFactory"
17-->[androidx.core:core:1.1.0] AndroidManifest.xml:24:18-86
18        android:debuggable="true"
19        android:icon="@mipmap/ic_launcher"
19-->src\main\AndroidManifest.xml:7:9-43
20        android:label="@string/app_name"
20-->src\main\AndroidManifest.xml:8:9-41
21        android:roundIcon="@mipmap/ic_launcher_round"
21-->src\main\AndroidManifest.xml:9:9-54
22        android:supportsRtl="true"
22-->src\main\AndroidManifest.xml:10:9-35
23        android:theme="@style/AppTheme" >
23-->src\main\AndroidManifest.xml:11:9-40
24        <activity android:name="ch.dyn.mal.companionwatch.MainActivity" >
24-->src\main\AndroidManifest.xml:12:9-24:20
24-->src\main\AndroidManifest.xml:12:19-47
25            <intent-filter>
25-->src\main\AndroidManifest.xml:13:13-23:29
26                <action android:name="android.intent.action.MAIN" />
26-->src\main\AndroidManifest.xml:14:17-69
26-->src\main\AndroidManifest.xml:14:25-66
27
28                <category android:name="android.intent.category.LAUNCHER" />
28-->src\main\AndroidManifest.xml:16:17-77
28-->src\main\AndroidManifest.xml:16:27-74
29
30                <action android:name="android.intent.action.VIEW" />
30-->src\main\AndroidManifest.xml:18:17-69
30-->src\main\AndroidManifest.xml:18:25-66
31
32                <category android:name="android.intent.category.DEFAULT" />
32-->src\main\AndroidManifest.xml:19:17-76
32-->src\main\AndroidManifest.xml:19:27-73
33                <category android:name="android.intent.category.BROWSABLE" />
33-->src\main\AndroidManifest.xml:20:17-78
33-->src\main\AndroidManifest.xml:20:27-75
34
35                <data
35-->src\main\AndroidManifest.xml:21:17-74
36                    android:host="mal.dyn.ch"
36-->src\main\AndroidManifest.xml:21:23-48
37                    android:scheme="https" />
37-->src\main\AndroidManifest.xml:21:49-71
38                <data
38-->src\main\AndroidManifest.xml:21:17-74
39                    android:host="mal.dyn.ch"
39-->src\main\AndroidManifest.xml:21:23-48
40                    android:scheme="http" />
40-->src\main\AndroidManifest.xml:21:49-71
41            </intent-filter>
42        </activity>
43        <activity
43-->src\main\AndroidManifest.xml:25:9-28:20
44            android:name="ch.dyn.mal.companionwatch.WatchActivity"
44-->src\main\AndroidManifest.xml:25:19-48
45            android:configChanges="orientation|screenSize" >
45-->src\main\AndroidManifest.xml:26:13-59
46        </activity>
47
48        <provider
48-->[com.squareup.picasso:picasso:2.71828] AndroidManifest.xml:8:9-11:40
49            android:name="com.squareup.picasso.PicassoProvider"
49-->[com.squareup.picasso:picasso:2.71828] AndroidManifest.xml:9:13-64
50            android:authorities="ch.dyn.mal.companionwatch.com.squareup.picasso"
50-->[com.squareup.picasso:picasso:2.71828] AndroidManifest.xml:10:13-72
51            android:exported="false" />
51-->[com.squareup.picasso:picasso:2.71828] AndroidManifest.xml:11:13-37
52    </application>
53
54</manifest>